#-----------------------------------------------------------
# Vivado v2013.4 (64-bit)
# SW Build 353583 on Mon Dec  9 17:49:19 MST 2013
# IP Build 208076 on Mon Dec  2 12:38:17 MST 2013
# Start of session at: Thu Jan 15 17:02:05 2015
# Process ID: 4308
# Log file: C:/MATLAB/quadcopter/PWMController/hdl_prj/ipcore/PWM_controller_PWM_Controller_ipcore_v1_0/prj_ip/vivado.log
# Journal file: C:/MATLAB/quadcopter/PWMController/hdl_prj/ipcore/PWM_controller_PWM_Controller_ipcore_v1_0/prj_ip\vivado.jou
#-----------------------------------------------------------
Attempting to get a license: Implementation
WARNING: [Common 17-301] Failed to get a license: Implementation
WARNING: [Vivado 15-19] WARNING: No 'Implementation' license found. This message may be safely ignored if a Vivado WebPACK or device-locked license, common for board kits, will be used during implementation.

Attempting to get a license: Synthesis
WARNING: [Common 17-301] Failed to get a license: Synthesis
Loading parts and site information from C:/Xilinx/Vivado/2013.4/data/parts/arch.xml
Parsing RTL primitives file [C:/Xilinx/Vivado/2013.4/data/parts/xilinx/rtl/prims/rtl_prims.xml]
Finished parsing RTL primitives file [C:/Xilinx/Vivado/2013.4/data/parts/xilinx/rtl/prims/rtl_prims.xml]
source vivado_ip_package.tcl
# create_project prj_ip {} -part xc7z020clg484-1 -ip -force
INFO: [Project 1-489] The host OS only allows 260 characters in a normal path. The project is stored in a path with more than 80 characters. If you experience issues with IP, Block Designs, or files not being found, please consider moving the project to a location with a shorter path. Alternately consider using the OS subst command to map part of the path to a drive letter.
Current project path is 'C:/MATLAB/quadcopter/PWMController/hdl_prj/ipcore/PWM_controller_PWM_Controller_ipcore_v1_0/prj_ip'
# set_property ip_repo_paths {../../} [current_fileset]
# ipx::infer_core -name {prj_packager} -directory {../prj_packager} {../}
INFO: [IP_Flow 19-234] Refreshing IP repositories
INFO: [IP_Flow 19-1704] No user IP repositories specified
INFO: [IP_Flow 19-2313] Loaded Vivado IP repository 'C:/Xilinx/Vivado/2013.4/data/ip'.
INFO: [IP_Flow 19-2228] Inferred bus interface "AXI4_Lite" of definition type "xilinx.com:interface:aximm:1.0".
INFO: [IP_Flow 19-2228] Inferred bus interface "AXI4_Lite_signal_reset" of definition type "xilinx.com:signal:reset:1.0".
INFO: [IP_Flow 19-2228] Inferred bus interface "AXI4_Lite_signal_clock" of definition type "xilinx.com:signal:clock:1.0".
Scanning sources...
Finished scanning sources
# set_property display_name PWM_controller_PWM_Controller_ipcore [ipx::current_core]
# set_property version {1.0} [ipx::current_core]
# set_property library {ip} [ipx::current_core]
# set_property supported_families {{zynq} {Production} {artix7} {Production} {kintex7} {Production} {virtex7} {Production}} [ipx::current_core]
INFO: [#UNDEF] # set_property taxonomy {{/HDL Coder Generated IP}} [ipx::current_core]
# set_property description {HDL Coder generated IP} [ipx::current_core]
# add_files -norecurse {../hdl/vhdl/PWM_Controller_pkg.vhd}
# add_files -norecurse {../hdl/vhdl/Calculate_f_coeff.vhd}
# add_files -norecurse {../hdl/vhdl/Chart.vhd}
# add_files -norecurse {../hdl/vhdl/PWM_Controller.vhd}
# add_files -norecurse {../hdl/vhdl/PWM_controller_PWM_Controller_ipcore_dut.vhd}
# add_files -norecurse {../hdl/vhdl/PWM_controller_PWM_Controller_ipcore_axi_lite_module.vhd}
# add_files -norecurse {../hdl/vhdl/PWM_controller_PWM_Controller_ipcore_addr_decoder.vhd}
# add_files -norecurse {../hdl/vhdl/PWM_controller_PWM_Controller_ipcore_axi_lite.vhd}
# add_files -norecurse {../hdl/vhdl/PWM_controller_PWM_Controller_ipcore.vhd}
# ipx::add_file {hdl/vhdl/PWM_Controller_pkg.vhd} [ipx::get_file_group xilinx_vhdlsynthesis [ipx::current_core]]
WARNING: [IP_Flow 19-1971] File named "hdl/vhdl/PWM_Controller_pkg.vhd" already exists in file group "xilinx_vhdlsynthesis", cannot add it again.
# set_property type {{vhdlSource}} [ipx::get_file {hdl/vhdl/PWM_Controller_pkg.vhd} [ipx::get_file_group xilinx_vhdlsynthesis [ipx::current_core]]]
# ipx::add_file {hdl/vhdl/PWM_Controller_pkg.vhd} [ipx::get_file_group xilinx_vhdlbehavioralsimulation [ipx::current_core]]
WARNING: [IP_Flow 19-1971] File named "hdl/vhdl/PWM_Controller_pkg.vhd" already exists in file group "xilinx_vhdlbehavioralsimulation", cannot add it again.
# set_property type {{vhdlSource}} [ipx::get_file {hdl/vhdl/PWM_Controller_pkg.vhd} [ipx::get_file_group xilinx_vhdlbehavioralsimulation [ipx::current_core]]]
# ipx::add_file {hdl/vhdl/Calculate_f_coeff.vhd} [ipx::get_file_group xilinx_vhdlsynthesis [ipx::current_core]]
WARNING: [IP_Flow 19-1971] File named "hdl/vhdl/Calculate_f_coeff.vhd" already exists in file group "xilinx_vhdlsynthesis", cannot add it again.
# set_property type {{vhdlSource}} [ipx::get_file {hdl/vhdl/Calculate_f_coeff.vhd} [ipx::get_file_group xilinx_vhdlsynthesis [ipx::current_core]]]
# ipx::add_file {hdl/vhdl/Calculate_f_coeff.vhd} [ipx::get_file_group xilinx_vhdlbehavioralsimulation [ipx::current_core]]
WARNING: [IP_Flow 19-1971] File named "hdl/vhdl/Calculate_f_coeff.vhd" already exists in file group "xilinx_vhdlbehavioralsimulation", cannot add it again.
# set_property type {{vhdlSource}} [ipx::get_file {hdl/vhdl/Calculate_f_coeff.vhd} [ipx::get_file_group xilinx_vhdlbehavioralsimulation [ipx::current_core]]]
# ipx::add_file {hdl/vhdl/Chart.vhd} [ipx::get_file_group xilinx_vhdlsynthesis [ipx::current_core]]
WARNING: [IP_Flow 19-1971] File named "hdl/vhdl/Chart.vhd" already exists in file group "xilinx_vhdlsynthesis", cannot add it again.
# set_property type {{vhdlSource}} [ipx::get_file {hdl/vhdl/Chart.vhd} [ipx::get_file_group xilinx_vhdlsynthesis [ipx::current_core]]]
# ipx::add_file {hdl/vhdl/Chart.vhd} [ipx::get_file_group xilinx_vhdlbehavioralsimulation [ipx::current_core]]
WARNING: [IP_Flow 19-1971] File named "hdl/vhdl/Chart.vhd" already exists in file group "xilinx_vhdlbehavioralsimulation", cannot add it again.
# set_property type {{vhdlSource}} [ipx::get_file {hdl/vhdl/Chart.vhd} [ipx::get_file_group xilinx_vhdlbehavioralsimulation [ipx::current_core]]]
# ipx::add_file {hdl/vhdl/PWM_Controller.vhd} [ipx::get_file_group xilinx_vhdlsynthesis [ipx::current_core]]
WARNING: [IP_Flow 19-1971] File named "hdl/vhdl/PWM_Controller.vhd" already exists in file group "xilinx_vhdlsynthesis", cannot add it again.
# set_property type {{vhdlSource}} [ipx::get_file {hdl/vhdl/PWM_Controller.vhd} [ipx::get_file_group xilinx_vhdlsynthesis [ipx::current_core]]]
# ipx::add_file {hdl/vhdl/PWM_Controller.vhd} [ipx::get_file_group xilinx_vhdlbehavioralsimulation [ipx::current_core]]
WARNING: [IP_Flow 19-1971] File named "hdl/vhdl/PWM_Controller.vhd" already exists in file group "xilinx_vhdlbehavioralsimulation", cannot add it again.
# set_property type {{vhdlSource}} [ipx::get_file {hdl/vhdl/PWM_Controller.vhd} [ipx::get_file_group xilinx_vhdlbehavioralsimulation [ipx::current_core]]]
# ipx::add_file {hdl/vhdl/PWM_controller_PWM_Controller_ipcore_dut.vhd} [ipx::get_file_group xilinx_vhdlsynthesis [ipx::current_core]]
WARNING: [IP_Flow 19-1971] File named "hdl/vhdl/PWM_controller_PWM_Controller_ipcore_dut.vhd" already exists in file group "xilinx_vhdlsynthesis", cannot add it again.
# set_property type {{vhdlSource}} [ipx::get_file {hdl/vhdl/PWM_controller_PWM_Controller_ipcore_dut.vhd} [ipx::get_file_group xilinx_vhdlsynthesis [ipx::current_core]]]
# ipx::add_file {hdl/vhdl/PWM_controller_PWM_Controller_ipcore_dut.vhd} [ipx::get_file_group xilinx_vhdlbehavioralsimulation [ipx::current_core]]
WARNING: [IP_Flow 19-1971] File named "hdl/vhdl/PWM_controller_PWM_Controller_ipcore_dut.vhd" already exists in file group "xilinx_vhdlbehavioralsimulation", cannot add it again.
# set_property type {{vhdlSource}} [ipx::get_file {hdl/vhdl/PWM_controller_PWM_Controller_ipcore_dut.vhd} [ipx::get_file_group xilinx_vhdlbehavioralsimulation [ipx::current_core]]]
# ipx::add_file {hdl/vhdl/PWM_controller_PWM_Controller_ipcore_axi_lite_module.vhd} [ipx::get_file_group xilinx_vhdlsynthesis [ipx::current_core]]
WARNING: [IP_Flow 19-1971] File named "hdl/vhdl/PWM_controller_PWM_Controller_ipcore_axi_lite_module.vhd" already exists in file group "xilinx_vhdlsynthesis", cannot add it again.
# set_property type {{vhdlSource}} [ipx::get_file {hdl/vhdl/PWM_controller_PWM_Controller_ipcore_axi_lite_module.vhd} [ipx::get_file_group xilinx_vhdlsynthesis [ipx::current_core]]]
# ipx::add_file {hdl/vhdl/PWM_controller_PWM_Controller_ipcore_axi_lite_module.vhd} [ipx::get_file_group xilinx_vhdlbehavioralsimulation [ipx::current_core]]
WARNING: [IP_Flow 19-1971] File named "hdl/vhdl/PWM_controller_PWM_Controller_ipcore_axi_lite_module.vhd" already exists in file group "xilinx_vhdlbehavioralsimulation", cannot add it again.
# set_property type {{vhdlSource}} [ipx::get_file {hdl/vhdl/PWM_controller_PWM_Controller_ipcore_axi_lite_module.vhd} [ipx::get_file_group xilinx_vhdlbehavioralsimulation [ipx::current_core]]]
# ipx::add_file {hdl/vhdl/PWM_controller_PWM_Controller_ipcore_addr_decoder.vhd} [ipx::get_file_group xilinx_vhdlsynthesis [ipx::current_core]]
WARNING: [IP_Flow 19-1971] File named "hdl/vhdl/PWM_controller_PWM_Controller_ipcore_addr_decoder.vhd" already exists in file group "xilinx_vhdlsynthesis", cannot add it again.
# set_property type {{vhdlSource}} [ipx::get_file {hdl/vhdl/PWM_controller_PWM_Controller_ipcore_addr_decoder.vhd} [ipx::get_file_group xilinx_vhdlsynthesis [ipx::current_core]]]
# ipx::add_file {hdl/vhdl/PWM_controller_PWM_Controller_ipcore_addr_decoder.vhd} [ipx::get_file_group xilinx_vhdlbehavioralsimulation [ipx::current_core]]
WARNING: [IP_Flow 19-1971] File named "hdl/vhdl/PWM_controller_PWM_Controller_ipcore_addr_decoder.vhd" already exists in file group "xilinx_vhdlbehavioralsimulation", cannot add it again.
# set_property type {{vhdlSource}} [ipx::get_file {hdl/vhdl/PWM_controller_PWM_Controller_ipcore_addr_decoder.vhd} [ipx::get_file_group xilinx_vhdlbehavioralsimulation [ipx::current_core]]]
# ipx::add_file {hdl/vhdl/PWM_controller_PWM_Controller_ipcore_axi_lite.vhd} [ipx::get_file_group xilinx_vhdlsynthesis [ipx::current_core]]
WARNING: [IP_Flow 19-1971] File named "hdl/vhdl/PWM_controller_PWM_Controller_ipcore_axi_lite.vhd" already exists in file group "xilinx_vhdlsynthesis", cannot add it again.
# set_property type {{vhdlSource}} [ipx::get_file {hdl/vhdl/PWM_controller_PWM_Controller_ipcore_axi_lite.vhd} [ipx::get_file_group xilinx_vhdlsynthesis [ipx::current_core]]]
# ipx::add_file {hdl/vhdl/PWM_controller_PWM_Controller_ipcore_axi_lite.vhd} [ipx::get_file_group xilinx_vhdlbehavioralsimulation [ipx::current_core]]
WARNING: [IP_Flow 19-1971] File named "hdl/vhdl/PWM_controller_PWM_Controller_ipcore_axi_lite.vhd" already exists in file group "xilinx_vhdlbehavioralsimulation", cannot add it again.
# set_property type {{vhdlSource}} [ipx::get_file {hdl/vhdl/PWM_controller_PWM_Controller_ipcore_axi_lite.vhd} [ipx::get_file_group xilinx_vhdlbehavioralsimulation [ipx::current_core]]]
# ipx::add_file {hdl/vhdl/PWM_controller_PWM_Controller_ipcore.vhd} [ipx::get_file_group xilinx_vhdlsynthesis [ipx::current_core]]
WARNING: [IP_Flow 19-1971] File named "hdl/vhdl/PWM_controller_PWM_Controller_ipcore.vhd" already exists in file group "xilinx_vhdlsynthesis", cannot add it again.
# set_property type {{vhdlSource}} [ipx::get_file {hdl/vhdl/PWM_controller_PWM_Controller_ipcore.vhd} [ipx::get_file_group xilinx_vhdlsynthesis [ipx::current_core]]]
# ipx::add_file {hdl/vhdl/PWM_controller_PWM_Controller_ipcore.vhd} [ipx::get_file_group xilinx_vhdlbehavioralsimulation [ipx::current_core]]
WARNING: [IP_Flow 19-1971] File named "hdl/vhdl/PWM_controller_PWM_Controller_ipcore.vhd" already exists in file group "xilinx_vhdlbehavioralsimulation", cannot add it again.
# set_property type {{vhdlSource}} [ipx::get_file {hdl/vhdl/PWM_controller_PWM_Controller_ipcore.vhd} [ipx::get_file_group xilinx_vhdlbehavioralsimulation [ipx::current_core]]]
# ipx::remove_all_bus_interface [ipx::current_core]
# ipx::remove_all_memory_map [ipx::current_core]
# ipx::add_bus_interface {AXI4_Lite} [ipx::current_core]
# set_property abstraction_type_vlnv {xilinx.com:interface:aximm_rtl:1.0} [ipx::get_bus_interface AXI4_Lite [ipx::current_core]]
# set_property bus_type_vlnv {xilinx.com:interface:aximm:1.0} [ipx::get_bus_interface AXI4_Lite [ipx::current_core]]
# ipx::add_port_map {AWADDR} [ipx::get_bus_interface AXI4_Lite [ipx::current_core]]
# set_property physical_name {AXI4_Lite_AWADDR} [ipx::get_port_map AWADDR [ipx::get_bus_interface AXI4_Lite [ipx::current_core]]]
# ipx::add_port_map {AWVALID} [ipx::get_bus_interface AXI4_Lite [ipx::current_core]]
# set_property physical_name {AXI4_Lite_AWVALID} [ipx::get_port_map AWVALID [ipx::get_bus_interface AXI4_Lite [ipx::current_core]]]
# ipx::add_port_map {WDATA} [ipx::get_bus_interface AXI4_Lite [ipx::current_core]]
# set_property physical_name {AXI4_Lite_WDATA} [ipx::get_port_map WDATA [ipx::get_bus_interface AXI4_Lite [ipx::current_core]]]
# ipx::add_port_map {WSTRB} [ipx::get_bus_interface AXI4_Lite [ipx::current_core]]
# set_property physical_name {AXI4_Lite_WSTRB} [ipx::get_port_map WSTRB [ipx::get_bus_interface AXI4_Lite [ipx::current_core]]]
# ipx::add_port_map {WVALID} [ipx::get_bus_interface AXI4_Lite [ipx::current_core]]
# set_property physical_name {AXI4_Lite_WVALID} [ipx::get_port_map WVALID [ipx::get_bus_interface AXI4_Lite [ipx::current_core]]]
# ipx::add_port_map {BREADY} [ipx::get_bus_interface AXI4_Lite [ipx::current_core]]
# set_property physical_name {AXI4_Lite_BREADY} [ipx::get_port_map BREADY [ipx::get_bus_interface AXI4_Lite [ipx::current_core]]]
# ipx::add_port_map {ARADDR} [ipx::get_bus_interface AXI4_Lite [ipx::current_core]]
# set_property physical_name {AXI4_Lite_ARADDR} [ipx::get_port_map ARADDR [ipx::get_bus_interface AXI4_Lite [ipx::current_core]]]
# ipx::add_port_map {ARVALID} [ipx::get_bus_interface AXI4_Lite [ipx::current_core]]
# set_property physical_name {AXI4_Lite_ARVALID} [ipx::get_port_map ARVALID [ipx::get_bus_interface AXI4_Lite [ipx::current_core]]]
# ipx::add_port_map {RREADY} [ipx::get_bus_interface AXI4_Lite [ipx::current_core]]
# set_property physical_name {AXI4_Lite_RREADY} [ipx::get_port_map RREADY [ipx::get_bus_interface AXI4_Lite [ipx::current_core]]]
# ipx::add_port_map {AWREADY} [ipx::get_bus_interface AXI4_Lite [ipx::current_core]]
# set_property physical_name {AXI4_Lite_AWREADY} [ipx::get_port_map AWREADY [ipx::get_bus_interface AXI4_Lite [ipx::current_core]]]
# ipx::add_port_map {WREADY} [ipx::get_bus_interface AXI4_Lite [ipx::current_core]]
# set_property physical_name {AXI4_Lite_WREADY} [ipx::get_port_map WREADY [ipx::get_bus_interface AXI4_Lite [ipx::current_core]]]
# ipx::add_port_map {BRESP} [ipx::get_bus_interface AXI4_Lite [ipx::current_core]]
# set_property physical_name {AXI4_Lite_BRESP} [ipx::get_port_map BRESP [ipx::get_bus_interface AXI4_Lite [ipx::current_core]]]
# ipx::add_port_map {BVALID} [ipx::get_bus_interface AXI4_Lite [ipx::current_core]]
# set_property physical_name {AXI4_Lite_BVALID} [ipx::get_port_map BVALID [ipx::get_bus_interface AXI4_Lite [ipx::current_core]]]
# ipx::add_port_map {ARREADY} [ipx::get_bus_interface AXI4_Lite [ipx::current_core]]
# set_property physical_name {AXI4_Lite_ARREADY} [ipx::get_port_map ARREADY [ipx::get_bus_interface AXI4_Lite [ipx::current_core]]]
# ipx::add_port_map {RDATA} [ipx::get_bus_interface AXI4_Lite [ipx::current_core]]
# set_property physical_name {AXI4_Lite_RDATA} [ipx::get_port_map RDATA [ipx::get_bus_interface AXI4_Lite [ipx::current_core]]]
# ipx::add_port_map {RRESP} [ipx::get_bus_interface AXI4_Lite [ipx::current_core]]
# set_property physical_name {AXI4_Lite_RRESP} [ipx::get_port_map RRESP [ipx::get_bus_interface AXI4_Lite [ipx::current_core]]]
# ipx::add_port_map {RVALID} [ipx::get_bus_interface AXI4_Lite [ipx::current_core]]
# set_property physical_name {AXI4_Lite_RVALID} [ipx::get_port_map RVALID [ipx::get_bus_interface AXI4_Lite [ipx::current_core]]]
# ipx::add_bus_interface {AXI4_Lite_signal_clock} [ipx::current_core]
# set_property abstraction_type_vlnv {xilinx.com:signal:clock_rtl:1.0} [ipx::get_bus_interface AXI4_Lite_signal_clock [ipx::current_core]]
# set_property bus_type_vlnv {xilinx.com:signal:clock:1.0} [ipx::get_bus_interface AXI4_Lite_signal_clock [ipx::current_core]]
# ipx::add_port_map {CLK} [ipx::get_bus_interface AXI4_Lite_signal_clock [ipx::current_core]]
# set_property physical_name {AXI4_Lite_ACLK} [ipx::get_port_map CLK [ipx::get_bus_interface AXI4_Lite_signal_clock [ipx::current_core]]]
# ipx::add_bus_interface {AXI4_Lite_signal_reset} [ipx::current_core]
# set_property abstraction_type_vlnv {xilinx.com:signal:reset_rtl:1.0} [ipx::get_bus_interface AXI4_Lite_signal_reset [ipx::current_core]]
# set_property bus_type_vlnv {xilinx.com:signal:reset:1.0} [ipx::get_bus_interface AXI4_Lite_signal_reset [ipx::current_core]]
# ipx::add_port_map {RST} [ipx::get_bus_interface AXI4_Lite_signal_reset [ipx::current_core]]
# set_property physical_name {AXI4_Lite_ARESETN} [ipx::get_port_map RST [ipx::get_bus_interface AXI4_Lite_signal_reset [ipx::current_core]]]
# ipx::add_bus_parameter {ASSOCIATED_BUSIF} [ipx::get_bus_interface AXI4_Lite_signal_clock [ipx::current_core]]
# set_property value {AXI4_Lite} [ipx::get_bus_parameter ASSOCIATED_BUSIF [ipx::get_bus_interface AXI4_Lite_signal_clock [ipx::current_core]]]
# ipx::add_bus_parameter {ASSOCIATED_RESET} [ipx::get_bus_interface AXI4_Lite_signal_clock [ipx::current_core]]
# set_property value {AXI4_Lite_ARESETN} [ipx::get_bus_parameter ASSOCIATED_RESET [ipx::get_bus_interface AXI4_Lite_signal_clock [ipx::current_core]]]
# ipx::add_bus_parameter {POLARITY} [ipx::get_bus_interface AXI4_Lite_signal_reset [ipx::current_core]]
# set_property value {ACTIVE_LOW} [ipx::get_bus_parameter POLARITY [ipx::get_bus_interface AXI4_Lite_signal_reset [ipx::current_core]]]
# ipx::add_memory_map {AXI4_Lite} [ipx::current_core]
# ipx::add_address_block {reg0} [ipx::get_memory_map AXI4_Lite [ipx::current_core]]
# set_property range {65536} [ipx::get_address_block reg0 [ipx::get_memory_map AXI4_Lite [ipx::current_core]]]
# ipx::add_file {doc/PWM_controller_ip_core_report.html} [ipx::get_file_group product_guide [ipx::current_core]]
# set_property type {{html}} [ipx::get_file {doc/PWM_controller_ip_core_report.html} [ipx::get_file_group product_guide [ipx::current_core]]]
# ipx::add_file {doc/PWM_controller_ip_core_report.pdf} [ipx::get_file_group product_guide [ipx::current_core]]
# set_property type {{pdf}} [ipx::get_file {doc/PWM_controller_ip_core_report.pdf} [ipx::get_file_group product_guide [ipx::current_core]]]
# ipx::add_file_group -type {software_driver} {} [ipx::current_core]
# ipx::add_file {include/PWM_controller_PWM_Controller_ipcore_addr.h} [ipx::get_file_group {xilinx_softwaredriver} [ipx::current_core]]
# set_property type {{cSource}} [ipx::get_file {include/PWM_controller_PWM_Controller_ipcore_addr.h} [ipx::get_file_group {xilinx_softwaredriver} [ipx::current_core]]]
# ipx::create_xgui_files [ipx::current_core]
# ipx::check_integrity -quiet [ipx::current_core]
INFO: [IP_Flow 19-234] Refreshing IP repositories
INFO: [IP_Flow 19-1700] Loaded user IP repository 'c:/MATLAB/quadcopter/PWMController/hdl_prj/ipcore'.
WARNING: [IP_Flow 19-3299] If you move the project, the path for repository 'c:/MATLAB/quadcopter/PWMController/hdl_prj/ipcore' may become invalid. A better location for the repository would be in a path adjacent to the project.
INFO: [IP_Flow 19-2313] Loaded Vivado IP repository 'C:/Xilinx/Vivado/2013.4/data/ip'.
# ipx::save_core [ipx::current_core]
# ipx::archive_core {../PWM_controller_PWM_Controller_ipcore_v1_0.zip} [ipx::current_core]
# close_project
# exit
INFO: [Common 17-206] Exiting Vivado at Thu Jan 15 17:02:09 2015...
