#-----------------------------------------------------------
# Vivado v2013.4 (64-bit)
# SW Build 353583 on Mon Dec  9 17:49:19 MST 2013
# IP Build 208076 on Mon Dec  2 12:38:17 MST 2013
# Start of session at: Thu Jan 15 17:56:32 2015
# Process ID: 4536
# Log file: C:/MATLAB/quadcopter/PWMController/vivado.log
# Journal file: C:/MATLAB/quadcopter/PWMController\vivado.jou
#-----------------------------------------------------------
Attempting to get a license: Implementation
WARNING: [Common 17-301] Failed to get a license: Implementation
WARNING: [Vivado 15-19] WARNING: No 'Implementation' license found. This message may be safely ignored if a Vivado WebPACK or device-locked license, common for board kits, will be used during implementation.

Attempting to get a license: Synthesis
WARNING: [Common 17-301] Failed to get a license: Synthesis
Loading parts and site information from C:/Xilinx/Vivado/2013.4/data/parts/arch.xml
Parsing RTL primitives file [C:/Xilinx/Vivado/2013.4/data/parts/xilinx/rtl/prims/rtl_prims.xml]
Finished parsing RTL primitives file [C:/Xilinx/Vivado/2013.4/data/parts/xilinx/rtl/prims/rtl_prims.xml]
source vivado_download.tcl
# set CHAINPOSITION 1
# connect_hw_server -host localhost -port 60001
INFO: [Xicom 50-2] Connecting to hw_server...
ERROR: [Labtools 27-147] vcse_server: Server is currently used by client: 127.0.0.1:51791
Cannot open new session
ERROR: [Common 17-39] 'connect_hw_server' failed due to earlier errors.

    while executing
"connect_hw_server -host localhost -port 60001"
    (file "vivado_download.tcl" line 2)
INFO: [Common 17-206] Exiting Vivado at Thu Jan 15 17:56:33 2015...
