Copyright 1986-1999, 2001-2013 Xilinx, Inc. All Rights Reserved.
-----------------------------------------------------------------------------------------------------------------------------------
| Tool Version     : Vivado v.2013.4 (win64) Build 353583 Mon Dec  9 17:49:19 MST 2013
| Date             : Thu Jan 15 17:54:06 2015
| Host             : maclab3-PC running 64-bit Service Pack 1  (build 7601)
| Command          : report_power -file system_top_wrapper_power_routed.rpt -pb system_top_wrapper_power_summary_routed.pb
| Design           : system_top_wrapper
| Device           : xc7z020clg484-1
| Design State     : Routed
| Grade            : commercial
| Process          : typical
| Characterization : Production
-----------------------------------------------------------------------------------------------------------------------------------

Power Report

Table of Contents
-----------------
1. Summary
1.1 On-Chip Components
1.2 Power Supply Summary
1.3 Confidence Level
2. Settings
2.1 Environment
2.2 Clock Constraints
3. Detailed Reports
3.1 By Hierarchy

1. Summary
----------

+--------------------------+-------+
| Total On-Chip Power (W)  | 1.605 |
| Dynamic (W)              | 1.454 |
| Device Static (W)        | 0.151 |
| Total Off-Chip Power (W) | 0.121 |
| Effective TJA (C/W)      | 11.5  |
| Max Ambient (C)          | 66.5  |
| Junction Temperature (C) | 43.5  |
| Confidence Level         | Low   |
| Setting File             | ---   |
| Simulation Activity File | ---   |
| Design Nets Matched      | NA    |
+--------------------------+-------+


1.1 On-Chip Components
----------------------

+-------------------------+-----------+----------+-----------+-----------------+
| On-Chip                 | Power (W) | Used     | Available | Utilization (%) |
+-------------------------+-----------+----------+-----------+-----------------+
| Clocks                  |     0.003 |        6 |       --- |             --- |
| Slice Logic             |    <0.001 |     1547 |       --- |             --- |
|   LUT as Logic          |    <0.001 |      485 |     53200 |            0.91 |
|   Register              |    <0.001 |      628 |    106400 |            0.59 |
|   CARRY4                |    <0.001 |       28 |     13300 |            0.21 |
|   LUT as Shift Register |    <0.001 |       62 |     17400 |            0.35 |
|   Others                |     0.000 |      186 |       --- |             --- |
| Signals                 |    <0.001 |     1150 |       --- |             --- |
| MMCM                    |     0.106 |        1 |         4 |           25.00 |
| DSPs                    |    <0.001 |        2 |       220 |            0.90 |
| I/O                     |    <0.001 |        8 |       200 |            4.00 |
| PS7                     |     1.343 |        1 |       --- |             --- |
| Static Power            |     0.151 |          |           |                 |
| Total                   |     1.605 |          |           |                 |
+-------------------------+-----------+----------+-----------+-----------------+


1.2 Power Supply Summary
------------------------

+-----------+-------------+-----------+-------------+------------+
| Source    | Voltage (V) | Total (A) | Dynamic (A) | Static (A) |
+-----------+-------------+-----------+-------------+------------+
| Vccint    |       1.000 |     0.019 |       0.004 |      0.014 |
| Vccaux    |       1.800 |     0.079 |       0.059 |      0.020 |
| Vcco33    |       3.300 |     0.001 |       0.000 |      0.001 |
| Vcco25    |       2.500 |     0.000 |       0.000 |      0.000 |
| Vcco18    |       1.800 |     0.000 |       0.000 |      0.000 |
| Vcco15    |       1.500 |     0.000 |       0.000 |      0.000 |
| Vcco135   |       1.350 |     0.000 |       0.000 |      0.000 |
| Vcco12    |       1.200 |     0.000 |       0.000 |      0.000 |
| Vccaux_io |       1.800 |     0.000 |       0.000 |      0.000 |
| Vccbram   |       1.000 |     0.001 |       0.000 |      0.001 |
| MGTAVcc   |       1.000 |     0.000 |       0.000 |      0.000 |
| MGTAVtt   |       1.200 |     0.000 |       0.000 |      0.000 |
| MGTVccaux |       1.800 |     0.000 |       0.000 |      0.000 |
| Vccpint   |       1.000 |     0.420 |       0.391 |      0.029 |
| Vccpaux   |       1.800 |     0.067 |       0.057 |      0.010 |
| Vccpll    |       1.800 |     0.116 |       0.113 |      0.003 |
| Vcco_ddr  |       1.500 |     0.511 |       0.509 |      0.002 |
| Vcco_mio0 |       1.800 |     0.003 |       0.002 |      0.001 |
| Vcco_mio1 |       1.800 |     0.002 |       0.001 |      0.001 |
| Vccadc    |       1.800 |     0.020 |       0.000 |      0.020 |
+-----------+-------------+-----------+-------------+------------+


1.3 Confidence Level
--------------------

+-----------------------------+------------+--------------------------------------------------------+------------------------------------------------------------------------------------------------------------+
| User Input Data             | Confidence | Details                                                | Action                                                                                                     |
+-----------------------------+------------+--------------------------------------------------------+------------------------------------------------------------------------------------------------------------+
| Design implementation state | High       | Design is completely routed                            |                                                                                                            |
| Clock nodes activity        | High       | User specified more than 95% of clocks                 |                                                                                                            |
| I/O nodes activity          | Low        | More than 75% of inputs are missing user specification | Provide missing input activity with simulation results or by editing the "By Resource Type -> I/Os" view   |
| Internal nodes activity     | Medium     | User specified less than 25% of internal nodes         | Provide missing internal nodes activity with simulation results or by editing the "By Resource Type" views |
| Device models               | High       | Device models are Production                           |                                                                                                            |
|                             |            |                                                        |                                                                                                            |
| Overall confidence level    | Low        |                                                        |                                                                                                            |
+-----------------------------+------------+--------------------------------------------------------+------------------------------------------------------------------------------------------------------------+


2. Settings
-----------

2.1 Environment
---------------

+-----------------------+------------------------+
| Ambient Temp (C)      | 25.0                   |
| ThetaJA (C/W)         | 11.5                   |
| Airflow (LFM)         | 250                    |
| Heat Sink             | none                   |
| ThetaSA (C/W)         | 0.0                    |
| Board Selection       | medium (10"x10")       |
| # of Board Layers     | 8to11 (8 to 11 Layers) |
| Board Temperature (C) | 25.0                   |
+-----------------------+------------------------+


2.2 Clock Constraints
---------------------

+-------------------------------------------------------------+-------------------------------------------------------------+-----------------+
| Clock                                                       | Domain                                                      | Constraint (ns) |
+-------------------------------------------------------------+-------------------------------------------------------------+-----------------+
| system_top_i/clk_wiz_0/U0/CLKFBOUT                          | system_top_i/clk_wiz_0/U0/CLKFBOUT                          |            10.0 |
| system_top_i/clk_wiz_0/U0/CLKOUT0                           | system_top_i/clk_wiz_0/U0/CLKOUT0                           |            20.0 |
| system_top_i/clk_wiz_0/U0/O                                 | system_top_i/clk_wiz_0/U0/O                                 |            10.0 |
| system_top_i/clk_wiz_0/U0/clk_out1                          | system_top_i/clk_wiz_0/U0/clk_out1                          |            20.0 |
| system_top_i/processing_system7_0/U0/FCLK_CLK0              | system_top_i/processing_system7_0/U0/FCLK_CLK0              |            10.0 |
| system_top_i/processing_system7_0/U0/FCLK_CLK_unbuffered[0] | system_top_i/processing_system7_0/U0/FCLK_CLK_unbuffered[0] |            10.0 |
+-------------------------------------------------------------+-------------------------------------------------------------+-----------------+


3. Detailed Reports
-------------------

3.1 By Hierarchy
----------------

+--------------------------------------------+-----------+
| Name                                       | Power (W) |
+--------------------------------------------+-----------+
| system_top_wrapper                         |     1.454 |
|   system_top_i                             |     1.453 |
|     PWM_controller_PWM_Controller_ipcore_0 |    <0.001 |
|     axi_interconnect_0                     |     0.003 |
|       s00_couplers/auto_pc                 |     0.003 |
|     clk_wiz_0                              |     0.107 |
|       U0                                   |     0.107 |
|     proc_sys_reset_0                       |    <0.001 |
|       U0                                   |    <0.001 |
|     processing_system7_0                   |     1.343 |
|       U0                                   |     1.343 |
+--------------------------------------------+-----------+


